
Showing logs for build [32mcb-kubecd-environment-pr-179-36-dckhs-1[0m stage [32mfrom-build-pack[0m and container [32mstep-credential-initializer-4b9c5[0m
{"level":"warn","ts":1583952310.7746859,"logger":"fallback-logger","caller":"logging/config.go:69","msg":"Fetch GitHub commit ID from kodata failed: \"ref: refs/heads/0.8.0-**-support-backwards-incompats\" is not a valid GitHub commit ID"}
{"level":"info","ts":1583952310.775331,"logger":"fallback-logger","caller":"creds-init/main.go:40","msg":"Credentials initialized."}

Showing logs for build [32mcb-kubecd-environment-pr-179-36-dckhs-1[0m stage [32mfrom-build-pack[0m and container [32mstep-working-dir-initializer-wbfmf[0m
{"level":"warn","ts":1583952313.205411,"logger":"fallback-logger","caller":"logging/config.go:69","msg":"Fetch GitHub commit ID from kodata failed: open /var/run/ko/HEAD: no such file or directory"}
{"level":"info","ts":1583952313.2244117,"logger":"fallback-logger","caller":"bash/main.go:64","msg":"Successfully executed command \"sh -c mkdir -p /workspace/source\"; output "}

Showing logs for build [32mcb-kubecd-environment-pr-179-36-dckhs-1[0m stage [32mfrom-build-pack[0m and container [32mstep-place-tools[0m

Showing logs for build [32mcb-kubecd-environment-pr-179-36-dckhs-1[0m stage [32mfrom-build-pack[0m and container [32mstep-git-source-cb-kubecd-environment-pr-179-36-dckhs-wwvfr[0m
{"level":"warn","ts":1583952320.0040588,"logger":"fallback-logger","caller":"logging/config.go:69","msg":"Fetch GitHub commit ID from kodata failed: \"ref: refs/heads/0.8.0-**-support-backwards-incompats\" is not a valid GitHub commit ID"}
{"level":"info","ts":1583952321.1310775,"logger":"fallback-logger","caller":"git/git.go:103","msg":"Successfully cloned https://github.com/cb-kubecd/environment-pr-179-36-gke-upgrade-staging.git @ master in path /workspace/source"}

Showing logs for build [32mcb-kubecd-environment-pr-179-36-dckhs-1[0m stage [32mfrom-build-pack[0m and container [32mstep-git-merge[0m
Using SHAs from PULL_REFS=master:7076c22e02fa7a9b6f4ab9c04a9ecc104661d042,1:38a1d13861b628b6c6a803b0c73cc7b91017015e
DEBUG: JX_LOG_LEVEL=error LC_ALL=C git fetch origin --unshallow 38a1d13861b628b6c6a803b0c73cc7b91017015e: 7076c22e02fa7a9b6f4ab9c04a9ecc104661d042:
DEBUG: ran git fetch --unshallow origin 38a1d13861b628b6c6a803b0c73cc7b91017015e: 7076c22e02fa7a9b6f4ab9c04a9ecc104661d042: in 
DEBUG: LC_ALL=C JX_LOG_LEVEL=error git branch
DEBUG: LC_ALL=C JX_LOG_LEVEL=error git checkout master
DEBUG: ran git checkout master in 
DEBUG: LC_ALL=C JX_LOG_LEVEL=error git reset --hard 7076c22e02fa7a9b6f4ab9c04a9ecc104661d042
DEBUG: ran git reset --hard 7076c22e02fa7a9b6f4ab9c04a9ecc104661d042 in 
DEBUG: LC_ALL=C JX_LOG_LEVEL=error git clean -fd .
DEBUG: ran clean --force -d . in 
DEBUG: LC_ALL=C JX_LOG_LEVEL=error git merge 38a1d13861b628b6c6a803b0c73cc7b91017015e
DEBUG: ran git merge 38a1d13861b628b6c6a803b0c73cc7b91017015e in 
DEBUG: LC_ALL=C JX_LOG_LEVEL=error git log --format=%H%x1f%an%x1f%ae%x1f%cn%x1f%ce%x1f%s%n%b%x1e 7076c22e02fa7a9b6f4ab9c04a9ecc104661d042..HEAD
Merged SHA 38a1d13861b628b6c6a803b0c73cc7b91017015e with commit message 'chore: Promote bdd-spring-1583952013 to version 0.0.1' into base branch master

Showing logs for build [32mcb-kubecd-environment-pr-179-36-dckhs-1[0m stage [32mfrom-build-pack[0m and container [32mstep-build-helm-build[0m
WARNING: No $CHART_REPOSITORY defined so using the default value of: http://jenkins-x-chartmuseum:8080
Adding missing Helm repo: storage.googleapis.com https://storage.googleapis.com/chartmuseum.jenkins-x.io
WARNING: No secrets found on "helm/repos" due: reading the secret "helm/repos" from vault: no secret "helm/repos" not found in vault
Read credentials for https://storage.googleapis.com/chartmuseum.jenkins-x.io from vault helm/repos
Successfully added Helm repository storage.googleapis.com.
Adding missing Helm repo: jenkins-x-chartmuseum http://jenkins-x-chartmuseum:8080
WARNING: No secrets found on "helm/repos" due: reading the secret "helm/repos" from vault: no secret "helm/repos" not found in vault
Read credentials for http://jenkins-x-chartmuseum:8080 from vault helm/repos
Successfully added Helm repository jenkins-x-chartmuseum.
WARNING: No $CHART_REPOSITORY defined so using the default value of: http://jenkins-x-chartmuseum:8080
Adding missing Helm repo: chartmuseum.jenkins-x.io http://chartmuseum.jenkins-x.io
WARNING: No secrets found on "helm/repos" due: reading the secret "helm/repos" from vault: no secret "helm/repos" not found in vault
Read credentials for http://chartmuseum.jenkins-x.io from vault helm/repos
Successfully added Helm repository chartmuseum.jenkins-x.io.
